  tinyxml2.cpp
  GameScene.cpp
D:\Work\RoboTrackP300\GAME\src\GameScene.cpp(101,20): warning C4018: <: несоответствие типов со знаком и без знака
D:\Work\RoboTrackP300\GAME\src\GameScene.cpp(111,20): warning C4018: <: несоответствие типов со знаком и без знака
D:\Work\RoboTrackP300\GAME\src\GameScene.cpp(121,20): warning C4018: <: несоответствие типов со знаком и без знака
D:\Work\RoboTrackP300\GAME\src\GameScene.cpp(134,21): warning C4018: <: несоответствие типов со знаком и без знака
D:\Work\RoboTrackP300\GAME\src\GameScene.cpp(146,97): warning C4244: аргумент: преобразование "int" в "T", возможна потеря данных
D:\Work\RoboTrackP300\GAME\src\GameScene.cpp(146,97): warning C4244:         with
D:\Work\RoboTrackP300\GAME\src\GameScene.cpp(146,97): warning C4244:         [
D:\Work\RoboTrackP300\GAME\src\GameScene.cpp(146,97): warning C4244:             T=float
D:\Work\RoboTrackP300\GAME\src\GameScene.cpp(146,97): warning C4244:         ]
  GameView.cpp
D:\Work\RoboTrackP300\GAME\src\GameScene.cpp(146,79): warning C4244: аргумент: преобразование "int" в "T", возможна потеря данных
D:\Work\RoboTrackP300\GAME\src\GameScene.cpp(146,79): warning C4244:         with
D:\Work\RoboTrackP300\GAME\src\GameScene.cpp(146,79): warning C4244:         [
D:\Work\RoboTrackP300\GAME\src\GameScene.cpp(146,79): warning C4244:             T=float
D:\Work\RoboTrackP300\GAME\src\GameScene.cpp(146,79): warning C4244:         ]
D:\Work\RoboTrackP300\GAME\src\GameView.cpp(13,75): warning C4244: аргумент: преобразование "const T" в "T", возможна потеря данных
D:\Work\RoboTrackP300\GAME\src\GameView.cpp(13,75): warning C4244:         with
D:\Work\RoboTrackP300\GAME\src\GameView.cpp(13,75): warning C4244:         [
D:\Work\RoboTrackP300\GAME\src\GameView.cpp(13,75): warning C4244:             T=int
D:\Work\RoboTrackP300\GAME\src\GameView.cpp(13,75): warning C4244:         ]
D:\Work\RoboTrackP300\GAME\src\GameView.cpp(13,75): warning C4244:         and
D:\Work\RoboTrackP300\GAME\src\GameView.cpp(13,75): warning C4244:         [
D:\Work\RoboTrackP300\GAME\src\GameView.cpp(13,75): warning C4244:             T=float
D:\Work\RoboTrackP300\GAME\src\GameView.cpp(13,75): warning C4244:         ]
  main.cpp
  TmxLevel.cpp
D:\Work\RoboTrackP300\GAME\src\GameView.cpp(13,61): warning C4244: аргумент: преобразование "const T" в "T", возможна потеря данных
D:\Work\RoboTrackP300\GAME\src\GameView.cpp(13,61): warning C4244:         with
D:\Work\RoboTrackP300\GAME\src\GameView.cpp(13,61): warning C4244:         [
D:\Work\RoboTrackP300\GAME\src\GameView.cpp(13,61): warning C4244:             T=int
D:\Work\RoboTrackP300\GAME\src\GameView.cpp(13,61): warning C4244:         ]
D:\Work\RoboTrackP300\GAME\src\GameView.cpp(13,61): warning C4244:         and
D:\Work\RoboTrackP300\GAME\src\GameView.cpp(13,61): warning C4244:         [
D:\Work\RoboTrackP300\GAME\src\GameView.cpp(13,61): warning C4244:             T=float
D:\Work\RoboTrackP300\GAME\src\GameView.cpp(13,61): warning C4244:         ]
  Создание кода
  Previous IPDB not found, fall back to full compilation.
  All 835 functions were compiled because no usable IPDB/IOBJ from previous compilation was found.
  Создание кода завершено
  Project1.vcxproj -> D:\Work\RoboTrackP300\GAME\Release\Project1.exe
