Log started!
Создаем потоки проб № 0 1 2 3 4 5 6 7 8 
Вектора созданы.
Итоговые вектора:
303.681 311.477 317.347 321.28 327.106 332.97 334.915 341.043 344.69 348.593 352.564 360.313 362.257 368.122 373.978 377.908 
-968.972 -651.445 830.88 -900.038 -677.516 -431.585 695.359 649.172 953.715 596.464 -180.863 374.941 308.509 -821.013 -233.688 -782.029 
-382.16 109.939 488.139 -761.65 -903.866 693.327 -773.108 891.862 -646.985 753.583 -923.423 -773.853 -224.471 -44.202 -230.135 770.637 
842.402 -711.182 -59.153 -403.356 283.893 19.5166 643.306 -840.224 840.186 -945.151 712.713 65.9968 271.802 -764.48 -110.674 384.313 
-644.803 -647.165 212.089 935.917 933.095 965.419 864.911 -240.411 -300.271 583.886 -398.389 665.141 -827.082 -666.744 149.219 976.909 
-387.927 449.903 775.28 -917.89 2.40326 179.261 406.836 -230.125 -762.593 825.878 355.683 370.943 -815.424 123.913 494.318 458.613 
-963.23 -156.521 973.541 -239.86 -996.555 -973.836 -591.381 638.787 -185.177 280.571 -152.395 819.531 584.21 -508.914 962.27 -52.7451 
-180.234 467.137 -597.958 -607.06 -100.155 909.398 -881.27 0.235229 -141.861 691.335 -684.343 -66.2394 867.224 -590.214 -28.7394 -426.333 
-440.051 51.7886 319.271 -456.102 552.17 -674.041 -283.878 354.572 250.493 902.026 -656.605 -903.614 310.55 -846.706 434.393 -235.398 
Итоговые вектора:
583.328 587.218 589.269 595.117 599.034 602.934 606.815 610.743 622.674 625.431 631.157 633.207 639.088 642.885 644.979 650.693 654.552 658.518 662.5 
467.128 -836.464 315.085 -256.85 -712.463 -236.967 822.981 -169.486 -943.47 524.706 927.847 462.894 620.655 -967.474 458.284 -96.5001 131.432 -918.579 -966.356 
-483.772 -632.362 240.469 699.539 -653.467 -640.213 594.958 357.428 309.464 -74.1467 298.189 -716.392 916.119 -397.836 -896.776 12.1496 -635.039 377.876 -295.341 
748.473 -913.193 991.793 -119.239 -423.18 828.167 -906.195 928.828 -22.6945 597.176 -42.5267 172.202 685.756 -260.918 560.462 300.862 730.324 310.701 505.577 
-189.249 -841.013 246.124 -372.625 660.096 151.82 400.262 958.772 850.018 -985.581 754.219 182.406 232.236 145.243 -773.368 170.53 265.019 -389.595 759.845 
-349.943 162.881 109.856 380.528 488.46 172.283 -685.805 -621.855 -553.327 556.691 548.172 -644.577 -568.307 -470.369 643.624 146.466 -796.874 -668.147 10.1969 
-502.52 -242.401 -715.217 547.15 -901.613 776.341 966.309 403.56 -11.53 -105.173 -930.31 -26.7149 -460.603 851.341 741.614 -842.022 -447.053 -662.779 101.17 
-177.334 16.6697 872.042 -316.062 444.838 284.718 480.435 330.261 303.812 238.686 1.89056 -108.482 -645.171 -227.671 -982.67 206.888 -536.581 264.37 -136.497 
-16.0569 92.4995 49.985 -100.969 -804.162 400.235 -236.296 -727.37 -26.1172 -709.476 871.753 -179.796 -21.3683 -933.993 619.209 -993.47 124.732 -595.305 660.047 
Итоговые вектора:
884.942 891.026 894.959 898.969 902.695 906.706 910.583 914.47 918.463 922.297 926.225 930.116 934.029 938.031 951.473 955.486 961.2 
-73.9975 -16.8622 -507.739 -895.026 -184.702 815.619 905.602 -288.028 146.66 748.425 -338.207 -599.564 -349.156 200.578 -553.752 -983.469 126.795 
54.8772 -556.266 -483.79 982.488 629.685 -266.616 -514.498 -460.149 576.075 -279.781 282.6 77.5363 -933.564 161.5 -166.118 620.431 398.912 
-179.275 -382.808 919.34 114.762 198.122 -479.293 110.041 -99.4187 887.372 -818.147 445.362 -258.679 325.337 635.093 -838.558 515.297 -164.56 
810.974 859.615 -238.87 100.585 958.039 562.94 925.729 657.176 -380.657 -679.565 -925.503 217.834 -67.6838 94.1685 362.574 388.582 552.758 
331.058 -703.365 11.276 -761.638 -122.343 381.405 -407.241 749.319 478.686 -466.914 -568.769 -482.846 -480.773 528.242 528.692 815.115 -179.863 
-218.532 -763.073 -829.056 -134.871 -916.961 -871.681 304.224 327.56 894.289 -534.126 526.643 953.849 -860.592 183.563 641.355 -524.011 -713.89 
-872.164 681.966 605.772 -624.809 710.543 -784.057 -257.617 -671.539 940.42 -106.164 -487.345 261.644 -362.986 -375.881 -276.526 724.509 322.727 
-666.229 -946.804 615.539 -335.382 -589.702 -932.554 -363.664 -769.259 454.823 321.883 323.577 596.168 -575.117 -929.872 -911.834 -500.848 206.114 
Итоговые вектора:
1162.41 1168.26 1172.17 1176.15 1179.87 1183.97 1187.78 1191.7 1193.59 1199.55 1210.51 1213.17 1217.09 1221.05 1225 1228.89 1232.79 1236.69 1240.61 
703.914 840.051 -566.923 575.34 291.586 -448.547 820.628 -590.587 -914.273 -590.474 -618.816 502.755 -826.575 -854.081 103.659 -987.204 11.1624 852.819 907.025 
-906.907 -761.347 -647.037 349.555 510.408 -902.082 -409.749 901.942 702.937 -3.30139 607.207 247.88 -256.391 -593.131 -856.476 -720.51 -480.451 -550.466 -663.285 
-498.667 581.066 694.718 -917.007 784.734 -829.46 332.216 -552.763 -861.398 146.269 964.857 891.416 -429.434 -295.263 81.8406 241.101 -119.772 -775.507 823.865 
108.889 -543.013 762.991 398.474 747.277 -199.292 -687.127 929.397 594.625 501.342 992.663 -858.104 -706.266 47.5294 -292.517 594.265 773.644 29.3433 -481.178 
-543.39 322.724 472.861 192.829 304.964 -632.3 -210.3 -207.736 -279.144 93.1306 -929.52 926.79 572.165 -339.4 328.643 760.768 379.533 348.606 -865.303 
687.185 555.842 498.459 -518.055 457.233 -543.812 996.84 84.5404 -825.66 -426.655 -335.476 -867.919 15.7911 606.725 839.607 411.865 631.86 -146.003 749.125 
235.39 82.1272 140.635 582.244 -989.565 -990.015 -91.9308 595.34 -711.876 687.143 87.9425 941.712 -495.267 462.072 -292.641 752.802 -583.895 332.144 -224.294 
-347.727 86.9727 -960.935 863.67 -53.2737 765.793 -764.984 980.865 -998.427 -251.58 678.481 839.643 -44.5977 -937.731 -948.824 396.685 -869.211 938.531 -799.472 
Итоговые вектора:
1456.29 1458.23 1462.16 1474.8 1480.73 1484.68 1488.59 1492.46 1496.44 1500.49 1506 1508.03 1512.01 1517.87 1521.78 1525.64 
-856.125 -233.995 -290.312 -798.936 -309.925 -310.763 -112.772 -836.669 113.407 360.216 -669.524 457.259 -191.845 -128.805 -745.549 -632.55 
790.887 -825.132 658.541 388.742 814.385 665.565 -747.772 742.705 -573.466 901.539 -908.317 -325.958 -465.345 -157.04 -497.068 43.5042 
484.12 -515.677 -744.237 -175.303 -357.158 -690.085 611.182 -578.411 438.332 -490.465 -905.019 930.259 -270.542 -351.611 165.801 193.758 
-420.987 813.684 729.838 -489.73 -801.296 -225.54 606.375 -352.527 -977.572 -911.435 543.401 918.967 -932.766 357.845 -714.315 -266.397 
203.64 958.31 383.677 -297.985 -715.096 -519.918 572.883 -441.389 128.739 -814.525 -960.347 -481.679 -8.72528 634.47 552.639 715.905 
951.843 -116.19 -468.781 201.068 -224.038 -754.106 829.885 -494.488 146.025 546.566 -439.096 435.509 -785.27 422.476 877.168 -426.957 
224.294 581.59 921.762 498.133 -60.4413 -285.959 -782.564 847.113 -576.909 925.128 684.723 -890.871 -609.638 -603.377 -958.651 159.935 
345.846 -511.082 -349.302 -372.756 -783.946 -718.843 -90.5485 -859.371 589.581 -598.368 17.3844 810.621 -767.331 935.069 86.0115 578.472 
Итоговые вектора:
1740.63 1746.4 1748.45 1754.35 1758.13 1762.07 1765.95 1769.95 1773.73 1777.64 1781.56 1785.58 1791.51 1801.01 1806.84 1808.79 1812.8 1816.61 
-987.93 799.479 -371.532 -231.146 -16.2011 788.858 -219.068 -795.349 -918.136 -788.858 -642.09 -113.377 -297.234 902.902 880.613 495.951 -832.427 870.998 
-437.799 191.803 -267.554 -816.285 -15.5784 146.813 -394.367 -967.238 -178.757 270.592 -120.781 -176.003 622.088 -161.302 -564.579 -615.077 531.656 552.269 
809.76 -380.753 539.551 916.189 -327.541 330.138 883.409 -722.767 -315.558 803.061 703.464 -909.728 -333.267 -511.096 -263.333 800.525 -520.994 897.589 
215.466 -418.683 921.511 -62.8556 -785.501 -493.853 307.24 434.597 -226.527 552.318 -655.302 -683.887 383.795 260.927 926.327 107.27 293.869 605.86 
446.356 744.569 54.1996 -523.913 -74.0919 -343.787 -15.1203 309.15 -861.847 -260.072 908.069 227.573 300.89 865.036 -692.827 371.943 522.424 578.42 
600.6 9.98615 -732.328 367.694 99.5771 366.34 257.187 -798.096 -623.612 -156.598 544.526 200.124 -21.4119 657.099 -642.355 562.198 705.021 316.838 
-277.846 -715.372 -895.745 761.009 -74.5035 -21.1788 -250.823 569.914 707.814 581.468 388.663 -47.3999 -715.003 132.013 200.823 343.383 -829.573 -84.4195 
143.805 991.806 863.415 455.23 -855.734 -753.257 -499.741 624.708 -128.628 914.842 134.103 304.706 173.37 -351.681 84.2898 372.695 758.704 -554.397 
Итоговые вектора:
2013.24 2017.01 2020.93 2024.85 2028.76 2032.59 2036.56 2040.46 2044.36 2048.28 2060.93 2066.79 2068.77 2074.64 2078.52 2082.4 2086.36 2090.26 
521.099 -973.774 -486.745 -997.949 -923.331 535.886 -827.174 178.356 160.844 258.557 405.552 340.371 -232.632 -246.586 463.488 840.872 101.082 -386.277 
382.126 -428.08 599.089 720.543 13.9161 668.9 172.244 -794.23 173.596 122.288 -718.3 845.161 -944.911 450.417 155.013 -857.161 793.781 -727.311 
-404.697 589.906 403.131 927.96 60.2283 310.898 -801.639 458.848 50.46 -43.3097 -922.718 -99.5059 -641.554 -301.725 715.735 -217.616 995.759 -475.465 
-879.839 811.663 940.554 -572.9 -143.076 287.511 549.953 869.156 -551.393 399.822 802.572 181.638 351.003 803.456 36.7034 -327.673 590.747 -306.476 
958.257 -81.6875 129.611 -961.387 250.037 723.985 698.336 -118.244 -846.889 -6.82904 863.119 -371.811 165.041 -13.3254 -542.08 -822.546 143.942 529.019 
83.9623 -809.57 811.989 -522.921 123.3 -308.385 -804.253 -607.238 376.448 440.627 8.27112 -984.353 -119.137 -389.536 636.479 254.054 401.605 -817.96 
-457.49 -261.122 -246.92 -669.261 922.439 -372.143 454.421 -1.19653 17.3994 466.694 470.694 440.885 786.432 275.615 -91.9822 -799.703 309.807 198.617 
-648.375 696.076 287.557 788.51 -755.918 -773.994 908.498 60.9863 -447.879 375.842 673.392 613.807 -378.584 4.09137 859.308 344.593 -548.516 934.116 
Итоговые вектора:
2294.14 2298.04 2302 2305.86 2307.85 2316.58 2318.64 2322.37 2326.45 2332.15 2336.04 2340.03 2343.94 2347.86 2351.75 2355.57 2361.36 2365.36 2367.36 2373.22 
-557.417 -402.838 -697.007 683.175 549.956 503.916 716.894 -298.584 -3.35376 -929.852 -78.2174 -230.271 213.116 -822.269 642.633 -432.264 483.278 -632.976 440.756 -170.849 
-580.821 -140.696 995.852 -120.729 440.218 -753.117 -803.184 -895.126 699.88 -816.329 704.588 -612.074 -325.331 -40.4246 654.085 -332.149 539.888 726.641 277.04 -651.215 
-456.29 9.77661 -937.446 458.093 -843.791 -330.884 899.731 -340.913 911.659 574.807 -970.636 904.578 -317.089 113.083 249.384 -913.787 177.363 371.9 944.213 811.64 
79.5479 -182.127 -110.517 -308.053 -940.933 971.366 949.56 -871.132 -638.907 -663.589 835.066 -218.005 423.505 935.985 153.755 -979.873 845.853 684.123 39.6914 -13.1207 
215.258 -150.89 -673.306 -445.249 -626.172 -683.213 311.517 46.6161 -486.265 209.781 30.528 -822.848 397.435 -177.285 -334.213 422.078 511.946 90.9735 -36.1561 -439.813 
-703.116 451.705 -169.835 752.798 177.389 -683.858 -987.135 992.105 301.449 -686.769 207.072 -752.653 -779.114 441.475 -99.9339 686.592 -735.319 -380.738 13.7318 221.561 
-759.262 555.191 86.196 -459.395 -268.498 -877.65 863.602 -886.022 -167.362 -800.912 -567.414 44.297 517.744 -498.306 -357.064 -560.874 28.2611 -657.207 -609.966 546.993 
-249.35 -487.824 -657.017 -346.55 -200.995 -775.001 -606.037 -934.917 -582.103 354.596 -756.727 168.481 938.301 -597.087 219.896 -429.179 -509.052 -41.153 -611.922 -546.076 
Итоговые вектора:
2583.44 2587.25 2593.09 2594.98 2598.92 2604.92 2608.73 2612.54 2616.53 2618.42 2622.28 2628.38 2630.22 2636.16 2648.97 2652.84 2656.6 2660.4 
414.384 537.919 123.122 432.329 93.8573 -102.67 708.845 -666.287 684.661 75.1776 525.177 -129.44 -333.471 -846.892 210.58 -366.474 -609.512 -72.4815 
-316.381 -727.1 500.617 791.63 -618.592 279.276 473.969 -139.77 -147.981 916.317 -632.159 634.585 209.965 829.382 -855.988 -871.763 -982.803 -754.391 
-225.235 757.448 169.546 768.644 -881.82 250.922 257.837 -96.796 -973.253 53.4463 202.582 395.899 25.2236 -348.697 -921.901 -832.585 982.179 678.164 
362.844 382.101 972.23 -485.94 -448.828 -422.003 -714.185 443.256 520.74 784.255 279.068 602.732 -115.889 586.673 931.637 212.621 885.476 227.96 
869.866 -167.876 -212.313 595.849 571.73 -906.097 -792.945 -499.224 -101.714 381.659 823.828 345.358 -115.418 947.132 -92.3477 -883.835 34.1865 -226.3 
-269.564 344.258 342.032 -228.688 127.588 -95.8647 -742.595 -498.241 466.831 84.2552 -666.827 -237.523 55.1987 -46.0607 -193.052 124.243 742.996 -712.15 
123.204 -925.167 -424.811 -88.8798 132.051 664.954 -360.156 848.175 611.917 829.751 653.123 -715.525 359.681 784.671 841.233 -138.269 -883.114 -805.806 
892.129 -143.226 608.119 -850.087 82.5089 -730.542 547.845 -519.71 -884.258 -903.705 289.52 241.281 -888.541 -661.073 906.424 -444.044 -134.408 750.85 
Итоговые вектора:
2859.58 2863.49 2867.48 2871.29 2875.12 2878.92 2882.96 2886.94 2890.83 2894.61 2903.32 2907.24 2911.14 2915.04 2919.09 2922.86 2926.91 2930.81 2934.72 2938.64 
152.674 -535.39 -709.036 699.127 591.279 -566.812 -978.725 164.365 682.517 942.757 112.028 -21.997 110.266 -314.203 360.554 509.163 867.988 -993.018 -138.527 498.508 
-725.793 558.735 315.395 -415.856 -819.082 722.094 219.252 -673.513 -998.721 -356.856 667.612 291.897 -682.733 974.565 730.885 333.972 -840.305 321.852 560.821 -458.804 
-385.61 -231.885 504.397 -49.6567 20.1064 156.926 946.879 -962.995 379.079 -912.225 643.663 -342.073 -457.981 -920.909 -784.671 -539.758 -222.572 130.642 497.635 155.213 
759.796 4.93048 759.946 584.297 -773.984 -196.206 -151.145 155.701 -272.014 -651.634 -417.194 -238.449 228.174 -658.529 -902.313 19.6216 -62.5358 947.491 352.702 14.8788 
638.645 -326.358 899.313 -887.041 -264.773 308.171 6.46472 475.605 -611.904 513.084 -622.044 709.776 529.895 74.1045 -984.163 -229.147 908.367 819.571 567.323 -964.875 
243.333 692.935 42.3326 355.755 429.739 536.275 135.867 776.667 773.928 678.526 -237.406 -628.146 -886.258 282.486 -746.87 -378.399 667.265 600.838 125.835 -404.443 
370.862 -486.247 -187.737 769.285 -23.0298 218.404 -237.777 -830.992 -185.474 7.19891 464.143 -191.352 -581.717 -578.706 -326.657 -961.799 -55.3041 -475.18 860.171 -121.798 
97.6245 -565.5 -788.397 564.23 -79.3774 100.188 -505.806 634.779 428.537 352.054 635.611 866.042 870.81 -350.66 -238.52 -544.138 506.125 -74.4529 -681.907 110.112 
Итоговые вектора:
3152.75 3156.53 3169.25 3173.42 3177.16 3181.08 3184.99 3188.8 3193.69 3197.65 3201.5 3207.34 3211.3 3215.27 3219.04 3229.82 
-352.035 -286.122 866.542 -828.004 445.001 369.864 -185.907 -424.196 -830.83 -172.384 985.479 -343.095 268.331 -27.7197 443.344 74.4661 
-568.128 609.714 -537.458 -290.722 790.364 -768.576 -231.068 -217.453 -32.4891 64.5138 -717.639 204.768 988.814 -192.603 -454.449 946.364 
-206.966 -557.065 6.67358 603.673 960.761 -138.281 -904.758 -678.358 -24.2081 -922.032 -974.564 908.291 -510.688 18.4022 445.766 580.768 
-380.49 489.108 -94.3161 144.594 369.788 -510.295 -94.8515 -606.535 -198.149 -742.173 -900.303 -884.693 810.1 478.666 -850.783 883.99 
-114.955 -21.2585 813.968 770.556 576.659 -400.574 -176.458 -109.612 142.91 317.276 260.688 628.671 168.963 420.233 516.232 -471.82 
-777.951 -384.274 375.268 706.13 -845.48 675.539 -428.027 -808.818 -656.307 543.908 953.65 540.791 101.851 -536.971 -187.397 305.773 
51.0762 -342.843 483.415 544.799 -886.994 136.7 -301.966 470.938 -273.113 -701.111 -215.682 311.302 -798.719 352.615 -92.0315 376.971 
-320.934 628.839 -896.324 -657.854 -332.521 -423.953 -598.657 -535.526 798.192 329.408 424.995 533.064 877.271 -14.8431 533.245 -554.684 
Итоговые вектора:
3436.61 3440.51 3446.3 3450.18 3452.2 3458.2 3462.06 3466 3469.9 3473.82 3477.71 3481.58 3483.51 3489.43 3494.07 3498.23 3502.09 3506.03 3509.91 3513.77 3515.82 
-472.984 -239.347 837.45 227.135 689.578 -404.403 -375.414 -228.088 792.969 56.7144 -186.373 888.334 702.289 -745.492 719.685 -529.25 336.738 773.06 -255.88 31.5969 -177.593 
-454.833 800.004 -49.7562 643.554 432.375 -666.782 -510.857 824.029 337.91 848.26 430.843 -36.1766 -275.091 28.7906 306.374 -108.278 -225.107 848.905 362.53 -393.706 188.044 
-939.983 632.617 -76.2087 -354.848 688.778 -547.478 -350.883 254.007 -538.849 214.266 35.3309 -72.1377 -350.085 850.328 837.973 199.926 -52.5179 -410.06 417.191 -733.717 -737.135 
-695.709 601.2 -522.316 -890.385 -248.999 711.96 -490.229 -753.622 -474.059 -993.393 -1.8291 170.719 -739.527 233.572 112.716 -282.722 -210.975 53.9401 141.134 848.901 -65.4592 
199.79 871.64 886.021 -873.65 -559.783 421.031 958.088 -303.242 729.054 321.026 -441.651 704.246 -311.393 64.8281 902.849 583.5 37.663 -929.933 -805.83 -528.014 -737.989 
26.4963 851.851 914.188 397.882 -279.861 969.126 -788.934 982.68 903.571 -585.754 278.992 -472.466 -380.536 -434.726 945.329 -880.31 991.121 55.6016 830.846 917.041 383.381 
-27.0175 -322.075 604.679 -333.822 -281.133 857.077 -691.74 -474.557 -129.224 -851.281 70.9028 102.812 544.569 612.573 699.553 -925.573 -663.136 194.979 425.876 616.809 988.997 
26.1234 -483.796 -742.143 484.985 -190.176 -994.716 -916.716 -78.3366 -241.126 690.762 363.461 593.314 270.983 377.263 99.2235 512.712 596.748 -129.544 143.826 -299.683 -404.264 
Итоговые вектора:
3725.9 3729.87 3733.67 3737.57 3741.48 3747.44 3757.2 3758.74 3764.82 3768.82 3772.71 3776.64 3780.49 3784.41 3788.32 3792.24 3796.15 3800.11 3803.93 
141.016 -879.16 -612.135 -83.1443 491.914 -448.562 -958.642 -38.1064 -186.279 991.731 -9.45245 -723.589 -428.791 -375.384 -903.82 -488.147 963.725 218.724 307.974 
908.429 237.788 -764.751 -938.242 702.013 564.245 15.5542 -233.916 423.694 -464.556 141.357 -948.965 -338.768 -953.889 875.56 -209.013 -868.554 -899.214 284.196 
-933.199 -25.7676 750.555 756.241 -751.899 -890.546 421.721 261.686 -867.577 -28.0397 840.576 49.385 -431.98 -820.703 -391.617 -468.864 501.47 563.962 495.717 
-856.953 -873.993 810.604 -985.406 -733.489 825.883 316.925 350.942 -92.5637 107.12 119.148 -388.499 174.674 105.004 -368.719 902.695 -71.5742 -476.667 140.956 
-4.34167 -470.938 164.709 -655.874 849.243 -837.343 926.972 -185.789 -337.242 904.472 -580.685 -632.742 861.365 -310.039 766.394 266.468 323.062 170.95 386.297 
150.463 -220.976 -332.796 253.746 -660.056 806.277 907.054 326.457 236.19 -814.851 -762.68 -760.997 423.184 -160.455 646.81 848.964 -757.156 369.215 408.419 
-459.474 506.106 254.501 97.9987 441.477 -718.039 -161.55 -453.39 -626.067 -19.7112 332.504 -406.565 -866.104 -524.291 720.996 -128.158 -745.823 264.245 799.251 
246.837 522.692 83.7794 366.56 -296.842 -713.175 137.334 938.537 -739.822 524.871 381.517 -31.6135 -778.09 -934.869 -277.981 -123.146 26.5359 390.741 544.595 
Итоговые вектора:
4004.11 4008 4016.44 4018.64 4022.5 4026.43 4030.46 4034.23 4038.13 4042.64 4045.95 4049.84 4053.74 4057.73 4063.55 4067.45 4071.35 4075.28 4079.02 4083.09 
-116.987 -286.591 -903.541 -59.3875 67.616 -151.521 131.994 -646.607 -117.737 623.157 -934.798 816.182 -933.151 -550.488 983.858 368.687 638.044 -249.733 548.403 585.903 
573.658 770.537 311.315 573.123 -323.288 287.128 954.706 -193.111 133.491 -101.067 -889.787 -428.334 898.008 975.723 115.511 -427.232 225.195 357.781 617.23 -595.18 
908.279 926.496 421.383 798.944 389.813 388.226 762.336 908.335 -152.511 -717.538 526.652 -726.357 -909.222 200.98 329.424 -966.259 -878.932 -772.754 110.587 814.582 
-825.806 -22.7423 -999.178 -402.263 -220.485 130.211 -681.91 552.422 644.364 726.073 -587.927 115.849 78.5996 741.08 772.797 -862.129 -392.259 -797.691 -988.614 971.198 
120.423 430.391 318.812 592.826 592.971 -21.6925 96.3668 -541.482 710.04 179.836 -199.971 -964.73 -65.0797 12.1137 -467.082 -552.452 -848.411 385.456 -491.051 31.4916 
229.294 -823.034 352.802 -365.417 -431.384 -953.182 442.191 466.867 658.57 884.849 164.629 432.907 -589.056 -372.717 220.797 -39.5454 76.3361 165.054 927.766 48.5824 
-731.679 320.767 303.502 827.126 -979.943 584.128 -597.784 -555.313 -701.957 -522.557 -619.313 -851.842 -791.049 -90.5707 -216.641 -386.046 -321.099 -766.49 673.43 822.342 
-475.381 -506.909 -170.72 930.65 -228.595 400.742 -871.441 750.589 178.893 -707.574 58.6901 -333.109 819.185 319.699 -722.921 946.067 388.978 -32.073 897.383 579.627 
Итоговые вектора:
4264.64 4268.55 4273.84 4275.07 4280.28 4284.17 4288.18 4292.08 4296 4297.95 4303.8 4307.7 4311.61 4315.42 4319.41 4323.54 4327.23 4331.15 4335.05 4341.93 4341.97 
645.232 112.911 384.753 -663.148 507.504 71.2118 627.864 -168.723 -283.264 536.944 -769.792 -606.986 -559.458 -109.605 859.636 -15.5562 -883.296 410.219 -205.026 -102.264 -671.218 
3.52051 374.715 131.841 -789.316 589.376 199.903 -560.728 -968.056 -329.619 206.69 -67.0454 335.31 551.507 578.435 -539.254 914.67 -278.765 372.392 615.624 276.569 -461.903 
494.098 -46.1804 -822.63 866.432 15.5889 266.609 632.372 167.962 -640.226 -12.5667 -407.017 -19.4185 630.274 947.482 192.424 612.404 -83.7664 -977.334 84.4061 739.912 -85.9183 
808.336 804.41 924.44 -491.175 -22.223 -959.067 -853.68 -142.975 610.496 140.976 477.345 10.6954 661.72 -949.8 -861.485 452.064 372.133 56.7864 -113.462 -70.4003 451.403 
-847.581 935.538 -314.989 410.749 132.005 -159.635 -918.275 956.926 -359.971 -719.679 673.788 -428.197 -771.566 -405.306 -676.272 523.881 941.677 213.145 467.47 375.913 766.55 
507.012 -693.695 -281.571 265.751 -626.432 -294.179 -194.71 -136.794 -783.992 -608.806 662.163 132.908 910.359 577.497 -328.803 684.198 632.848 17.0717 -67.8013 844.584 -786.048 
687.142 -383.119 -650.645 33.8462 324.066 -463.874 -441.018 774.516 472.077 -781.941 -10.9579 358.273 634.247 -763.544 -947.715 -940.56 999.366 -160.338 -909.696 -348.601 -470.532 
-842.013 581.683 335.606 105.583 -996.016 -127.582 -766.226 -873.523 643.001 177.694 -918.099 -462.288 -332.419 765.67 826.134 151.049 190.54 -551.121 -641.657 -512.936 219.787 
Итоговые вектора:
4534.96 4537.17 4541.11 4546.85 4550.79 4554.67 4556.75 4562.49 4566.39 4570.29 4574.21 4576.28 4582.11 4586.05 4589.96 4593.85 4600.03 4601.28 4606.54 4610.45 4614.37 
-565.243 -848.591 367.45 -441 -343.253 -176.899 -645.133 -474.675 690.268 -122.276 604.036 -759.315 701.144 -720.462 -164.311 745.073 187.385 464.149 -11.4512 26.246 163.968 
-166.833 403.719 397.712 189.757 -8.33063 -201.838 -862.481 807.595 579.833 -854.074 204.906 -404.086 187.637 -728.251 -858.165 -656.804 -167.426 -877.228 -246.912 126.662 940.597 
-406.513 649.599 57.3743 189.756 893.331 -399.119 -362.265 136.633 264.519 101.633 -554.748 956.707 -57.4524 -616.375 880.684 11.8096 -262.307 930.377 475.588 633.577 -579.775 
38.9633 -565.593 177.022 -813.081 617.274 -181.972 -522.489 -901.291 755.783 -806.372 -914.737 842.811 975.24 -589.289 507.933 -689.55 -551.856 -773.409 220.17 -119.219 -509.467 
923.471 -905.979 -523.924 80.2057 129.074 -128.895 732.191 485.686 -159.803 395.472 -731.571 -825.922 451.412 62.3936 658.585 -746.787 -297.343 -414.666 -539.584 -316.808 -228.865 
-216.502 -937.275 904.839 641.665 -384.047 519.914 98.7885 924.455 -686.978 688.507 749.654 -278.39 305.172 -333.297 718.389 -423.844 254.141 -768.88 998.018 -397.506 52.9274 
76.6497 336.082 856.469 882.817 550.676 -174.268 -153.245 258.91 -104.026 -642.727 -138.601 408.2 -977.556 -363.801 796.646 135.823 -729.062 561.542 -147.917 768.378 501.535 
697.12 -221.716 846.572 545.312 357.771 208.727 -568.902 -630.299 876.168 -704.762 997.256 548.165 -635.107 939.648 855.131 -337.418 -208.905 -890.486 -651.234 -330.115 -950.756 
Итоговые вектора:
4795.89 4798.81 4804.68 4808.58 4810.54 4816.39 4820.42 4824.33 4828.23 4832.1 4836.05 4839.97 4841.92 4847.76 4851.67 4855.46 4860.96 4862.42 4868.26 4872.13 
-697.434 6.70099 -563.316 -525 735.204 224.154 -8.93488 -906.449 109.912 611.962 -109.819 -612.527 -786.608 -453.716 215.276 -952.324 -433.421 -719.665 938.713 630.27 
822.324 -602.139 675.123 992.354 -583.262 -204.328 58.0455 -441.798 -765.553 156.573 -579.034 -898.867 279.811 690.669 584.028 -612.007 -445.183 -39.949 -922.62 -322.124 
270.733 379.473 291.099 -247.662 809.503 -566.743 -895.596 -585.328 -43.3998 -396.583 -533.021 -515.438 698.149 80.4532 -807.219 -194.956 958.878 -119.643 119.081 -822.692 
-517.585 325.266 522.21 960.845 -683.786 769.68 77.396 -855.525 -469.915 141.091 772.214 -900.335 -624.123 -71.0601 -253.8 -650.323 74.1056 907.847 -941.87 -240.39 
-602.583 -105.716 -43.0942 -888.236 42.2668 -623.941 478.599 415.423 -401.74 -696.089 -724.183 -824.563 975.023 -811.839 673.293 -366.627 -823.527 -635.402 -809.323 790.398 
-28.6645 120.915 -469.975 -19.7091 -451.695 -553.639 749.748 406.157 -762.876 -902.354 760.054 610.744 863.35 -378.126 519.475 -685.241 -22.6572 253.568 -828.428 790.262 
363.375 -784.905 -46.4683 -622.125 294.156 107.853 -861.771 -515.483 876.208 990.586 -942.981 -851.921 -146.931 -386.864 698.969 -600.954 -771.818 -76.6735 460.038 -661.845 
460.685 -828.111 -504.622 950.738 -777.236 -722.293 921.11 745.763 -23.5283 920.223 -895.56 494.77 490.27 635.26 628.267 545.194 505.959 834.721 76.0898 132.896 
Итоговые вектора:
5055.59 5055.65 5061.67 5065.47 5069.47 5073.38 5077.28 5081.2 5085.11 5088.84 5092.9 5096.81 5100.73 5104.63 5110.34 5114.24 5118.15 5122 5124.17 5129.89 5133.78 
490.372 -145.196 788.449 274.136 -302.743 261.981 -629.22 -96.9486 -540.663 594 592.979 -468.785 -839.78 -948.729 835.228 -485.6 694.939 845.693 -453.644 -879.443 240.794 
-314.839 -273.01 619.887 796.596 -483.073 -230.815 -545.022 -301.922 -760.716 -516.879 442.485 919.35 -971.169 -459.401 -199.65 -461.651 -334.351 -571.308 242.489 -934.315 534.137 
948.318 183.261 276.313 759.382 815.402 -636.288 -715.886 403.502 -878.497 622.459 -383.091 925.589 -771.359 -462.649 706.105 916.488 -976.22 -661.814 -185.538 -72.3945 -259.826 
-213.69 26.4199 -373.144 -679.17 712.629 -571.422 345.697 545.913 -514.241 -229.014 640.287 452.426 -568.849 823.243 783.412 917.896 -304.036 -803.227 -536.844 -165.899 -244.069 
-56.195 931.448 167.553 154.589 280.543 920.05 -629.609 490.641 -880.117 982.203 187.113 827.735 744.855 -469.425 -8.35645 368.899 184.53 608.02 313.488 -562.887 457.397 
-126.585 79.0045 -978.05 -692.769 -58.557 -197.269 -516.449 -57.886 888.227 -29.0131 -56.0472 -543.665 476.55 935.088 692.349 -647.958 -883.99 -149.747 82.1571 -307.512 -342.847 
-236.113 -506.102 -120.482 -419.749 908.833 -141.884 885.544 153.35 747.91 108.003 -537.963 -390.378 -618.083 465.875 -770.895 -769.476 556.865 221.167 336.401 992.299 -177.743 
172.655 776.457 460.318 904.488 -388.935 -648.913 551.955 -589.991 -51.2236 -103.153 -359.777 -990.352 -417.486 660.119 74.892 -911.977 -70.8606 -420.571 678.857 -135.74 252.934 
Итоговые вектора:
5328.09 5332.1 5336.07 5339.96 5343.92 5347.79 5351.62 5355.49 5359.5 5363.43 5367.28 5371.24 5375.13 5382.83 5384.95 5388.8 5392.75 5396.67 5400.49 5404.54 
239.014 455.625 -245.762 -91.5576 425.917 744.858 -885.427 984.1 430.413 -906.777 -621.269 670.608 -28.3626 746.881 112.145 -889.108 786.169 -283.441 -659.216 -906.826 
287.521 -12.2267 -396.633 -249.131 -326.916 -446.045 -479.467 -988.866 -568.393 195.465 264.324 -652.534 -900.571 -726.465 209.2 -537.297 580.813 -65.0308 945.875 875.624 
411.84 -554.736 -446.508 -191.011 -184.699 135.001 722.134 -513.094 35.6201 657.474 554.962 -68.1674 854.614 -918.067 -302.807 -4.72217 465.926 790.239 571.162 895.629 
434.202 402.366 -445.647 -593.518 506.808 336.463 -411.608 818.675 -742.987 -365.319 934.964 -457.138 46.275 -856.113 669.813 -633.053 957.579 -361.726 -343.533 -84.9726 
82.0494 -333.736 -852.143 275.616 -918.168 243 648.432 907.618 -849.457 408.729 -724.773 -821.033 -659.231 550.255 -133.391 -885.556 252.399 -598.934 928.643 118.007 
-648.669 128.688 -311.813 -52.5469 332.038 -62.5264 823.155 -895.999 -442.396 -259.031 512.879 559.904 -694.855 -158.369 668.695 926.683 -602.226 820.639 -258.749 246.893 
-291.103 -261.583 -410.752 234.918 337.221 -351.255 180.165 -923.415 -740.405 -262.358 422.477 -239.105 -228.05 -44.4271 -755.715 -178.771 754.852 -492.293 -535.654 434.357 
-484.674 313.127 737.173 -698.038 -409.443 -466.535 390.338 839.3 -830.172 421.189 -926.469 974.336 844.658 -216.025 -206.555 -842.299 -428.12 -545.419 306.602 809.924 
Итоговые вектора:
5615.55 5619.67 5623.48 5629.37 5631.35 5637.07 5649.98 5651.32 5657.56 5661.47 5665.37 5669.29 5673.27 5677.17 5680.96 5684.9 5688.81 5692.71 
916.018 224.92 344.354 -759.173 -247.339 973.79 314.98 -403.145 531.502 586.263 -863.44 -233.454 -493.136 -35.2634 934.048 -402.988 -19.0055 143.682 
-931.463 -183.328 -515.091 -241.325 817.844 -170.374 -949.436 252.121 -899.118 -932.521 -886.427 374.276 -960.848 -628.85 -684.271 -884.962 104.991 654.427 
-740.371 -158.096 -12.9499 -405.231 389.203 -818.941 600.963 701.578 -219.638 -251.744 21.3967 240.471 675.365 75.8447 -156.555 -229.333 816.856 -320.178 
992.809 -802.495 -628.002 430.113 -602.724 944.87 -492.607 682.576 896.94 584.111 -172.067 221.9 313.815 711.971 466.428 929.267 289.475 854.287 
171.202 106.583 419.927 -135.637 481.777 -864.424 -98.7388 874.605 -614.284 298.589 -883.036 -543.887 163.153 -730.066 -731.729 160.489 -696.403 -381.975 
646.795 -755.787 815.538 777.18 -318.688 808.584 -496.01 555.133 -315.181 -791.239 -804.761 660.077 131.056 374.916 -622.341 -67.0245 -230.744 197.32 
-521.993 576.156 -620.977 -252.601 870.01 -618.465 -641.793 391.901 513.416 418.595 -870.339 525.601 -195.393 -165.416 364.743 790.051 -719.126 883.751 
-729.421 -389.633 510.9 930.811 712.803 -61.7246 202.447 752.093 905.588 -865.058 -582.22 -837.552 197.359 -420.59 861.743 330.965 269.476 217.97 
Итоговые вектора:
5911.06 5917.37 5921.28 5925.11 5929.06 5933.01 5936.81 5940.69 5944.76 5948.71 5952.53 5956.44 5960.38 5964.24 5975.84 5981.76 5985.41 5987.37 
-674.154 618.252 982.939 -972.997 749.801 10.006 -393.601 293.953 -877.476 -650.868 -128.781 437.047 -458.782 -245.912 763.169 857.549 219.238 521.431 
312.856 -201.248 875.652 227.365 -68.967 -578.06 -900.201 -622.41 -874.122 -930.227 66.937 -194.294 -800.482 -124.253 904.122 -57.8727 -336.086 595.44 
-100.07 -217.545 -740.975 176.825 209.283 -252.967 -988.444 -715.058 146.711 582.206 235.921 952.437 -693.573 -76.8005 -18.1813 -832.928 466.121 -881.02 
260.885 -83.6392 -434.068 846.246 -136.176 978.951 -777.945 -38.6168 -943.979 -597.81 959.837 -610.703 137.135 847.619 28.7588 -424.679 -743.085 107.754 
-777.777 303.264 -737.681 80.0902 -76.3005 -39.7339 -398.898 320.04 -776.651 890.296 301.369 -297.066 51.2916 244.084 -396.472 986.005 -227.184 -228.492 
743.514 -808.999 -345.406 266.92 -652.145 726.037 -19.0341 -451.628 -20.9895 -862.545 -671.958 -956.695 48.463 84.3228 -281.541 -520.731 204.228 582.036 
-755.636 326.017 -773.756 -816.327 434.94 -669.668 -304.551 593.179 -445.527 862.306 112.011 -42.1921 -99.2242 -823.954 -19.008 100.694 -712.242 -401.992 
-92.5706 -283.34 -463.975 491.145 212.593 999.815 -66.5458 753.01 -288.571 62.1356 954.094 -316.6 839.345 -333.99 -127.43 144.05 238.494 -496.344 
Итоговые вектора:
6189.54 6193.55 6195.7 6201.37 6205.27 6209.24 6213.07 6216.99 6220.89 6224.8 6232.17 6234.01 6237.54 6241.47 6247.25 6251.19 6255.01 6258.96 6262.92 6266.84 
148.9 719.052 -862.139 -959.125 299.439 335.679 922.108 80.8322 -420.304 -488.622 642.471 -787.65 98.1848 -119.636 830.162 -700.424 -824.241 -735.177 -938.71 447.564 
-839.266 343.242 353.289 705.009 -305.631 -57.9979 825.165 -403.313 999.216 361.264 329.791 -795.526 -22.9753 -403.347 -199.738 -13.0737 -66.9967 -809.544 -837.606 -793.272 
732.049 857.518 469.019 -131.348 -191.129 705.784 944.57 882.213 -965.586 21.4505 -158.713 -16.7885 -257.463 -157.568 -425.15 -389.399 -810.14 -965.125 858.138 -959.189 
362.184 501.233 588.184 733.152 79.0173 -705.878 -665.953 -412.872 -203.421 -118.774 18.831 -654.63 -515.791 973.555 389.223 -948.962 -913.607 -456.708 779.813 344.731 
-149.937 -896.746 526.511 922.828 -914.441 890.709 -292.033 97.5985 626.997 -413.715 558.471 -687.559 906.253 -923.563 446.016 626.092 224.803 571.729 898.422 506.956 
749.761 -448.768 109.728 844.897 -456.447 924.129 734.222 -444.474 687.348 674.907 -70.9201 643.865 -430.175 -114.255 -613.471 -872.469 483.133 872.223 -616.212 435.544 
366.884 -440.455 9.92181 -854.795 772.025 -335.466 135.519 269.507 161.572 -263.319 -389.825 792.064 -4.83136 -739.964 -555.228 -538.049 -205.147 744.206 -563.827 -688.101 
631.977 -912.267 -579.199 -541.663 -433.627 163.514 -956.408 365.824 2.91321 402.926 316.75 913.073 -100.809 574.396 -821.315 -717.736 538.961 -130.776 -285.308 -332.445 
Итоговые вектора:
6462.17 6466.07 6469.95 6473.88 6477.77 6481.7 6485.43 6489.56 6503.33 6507.17 6511.05 6514.96 6518.89 6522.85 6526.68 6530.55 6536.45 6538.48 
196.779 -660.41 877.653 -708.168 -263.327 -276.251 397.847 -19.7491 -914.224 -139.715 383.073 -522.857 452.906 165.876 -803.457 -128.805 -216.883 436.899 
-627.735 -809.7 630.659 -456.129 827.994 315.881 224.302 863.003 445.566 -582.718 969.587 -617.669 572.77 36.1412 756.973 945.168 425.967 834.735 
-544.65 -110.635 -889.546 961.444 218.096 -656.169 -444.156 265.71 -160.863 482.531 -465.407 -686.438 -606.234 -158.19 371.766 -433.029 -419.718 283.828 
-891.698 -81.1919 416.497 483.613 827.892 95.9094 -936.707 924.2 -196.475 909.072 609.865 -14.4567 -748.715 -442.572 -814.872 751.806 -71.4849 -545.048 
868.544 -48.3618 -532.899 -884.996 -589.207 77.218 -252.373 -658.654 -432.283 -36.2188 -141.698 289.017 429.402 544.049 -217.857 -55.6267 782.741 654.253 
-660.524 -485.877 757.582 -911.815 -241.465 422.813 -892.985 -176.247 817.495 844.929 -289.336 493.174 820.92 248.058 395.763 524.348 984.029 29.2415 
-713.272 -200.095 -89.977 561.727 529.728 -719.112 182.41 56.4889 -213.877 462.096 965.213 -156.735 568.351 -120.305 -786.319 -12.5203 182.445 -915.771 
611.606 965.622 630.309 10.2925 -362.821 -91.2396 847.335 423.864 -794.444 902.035 -987.899 -423.515 717.853 -335.267 -596.053 26.9086 -574.421 -57.7761 
Итоговые вектора:
6745.41 6749.34 6757.12 6758.98 6762.82 6766.83 6770.61 6774.73 6778.53 6782.38 6786.38 6790.27 6796.11 6799.98 6803.9 6807.91 6811.63 6815.56 6821.17 
-63.2169 -215.816 -897.494 -29.3663 -630.21 -397.397 -169.055 397.511 688.631 -685.665 -215.959 519.959 -202.841 238.284 -301.588 -755.953 556.051 -520.706 594.068 
970.736 -469.247 163.611 458.04 849.253 -763.534 669.63 -742.848 -333.925 -748.86 630.199 -734.057 -983.008 257.386 -307.047 -376.715 830.185 49.2283 -946.9 
-638.712 -935.015 -493.642 -818.123 619.036 -43.6099 320.07 467.483 -234.431 168.145 638.922 -488.148 -994.934 286.088 -296.655 -916.128 179.549 565.199 -656.1 
-967.061 161.06 -156.327 613.381 -259.508 -245.599 -985.058 478.429 701.315 701.778 -816.105 277.402 -555.565 92.6785 726.298 843.323 112.782 518.887 -754.961 
520.62 141.225 78.535 -87.9491 378.307 -479.598 125.904 914.236 558.893 911.448 -67.1924 -339.099 157.74 -126.992 184.557 -664.585 116.329 -931.922 202.488 
439.443 154.183 -215.122 692.332 -875.443 -484.568 -874.928 -683.62 666.549 -507.774 -981.212 -28.8635 554.621 -966.346 401.629 -795.528 130.94 949.669 -880.969 
-160.086 -803.522 -952.949 952.97 713.061 -931.683 -67.411 -772.754 -621.359 -959.244 -545.769 46.1412 774.866 976.218 551.57 161.777 -486.031 -879.896 -206.455 
-125.411 -310.102 -575.813 -253.021 -600.197 -841.826 -907.15 -876.894 912.059 -862.553 -585.818 -518.748 365.511 -373.097 792.142 744.46 -319.007 -461.547 863.04 
Итоговые вектора:
7014.15 7015.13 7020.57 7025.11 7028.39 7032.36 7036.19 7040.2 7044.05 7048.02 7051.84 7055.79 7059.73 7063.83 7067.68 7071.61 7086.07 7087.18 7093.13 
898.935 -140.165 -823.159 -182.034 913.123 -46.3221 -396.398 -904.8 762.38 96.9229 343.193 298.14 629.619 -406.2 189.373 -429.046 -846.248 123.741 -54.8045 
-747.919 -904.695 575.281 206.378 -779.075 -388.301 284.976 -639.375 -198.99 -519.344 -685.634 -771.376 365.701 632.208 357.172 689.056 592.964 -874.267 -348.452 
-921.776 252.061 -30.4902 565.961 -620.371 -167.69 -526.482 901.594 858.242 560.291 -700.76 180.526 953.296 649.889 -182.455 415.702 -211.614 -846.789 81.5214 
-17.9983 -153.784 497.131 880.814 873.706 -819.315 -581.504 116.506 349.761 568.31 -389.494 -848.81 709.715 825.183 69.9496 625.416 890.366 294.404 -362.883 
-483.67 -894.215 -801.986 398.294 -668.494 355.099 701.311 532.82 -788.17 -345.264 -581.496 640.506 -852.838 -391.527 317.955 201.522 -297.402 548.291 -391.208 
624.044 -972.252 622.076 -276.698 715.723 -900.562 327.902 510.351 936.783 398.974 978.012 578.556 -914.879 -493.737 -836.23 -108.9 -951.147 -933.693 50.8954 
542.304 -547.035 372.528 -285.046 992.021 198.2 556.131 -764.7 -558.684 -677.105 -288.204 -156.238 392.484 -542.874 -337.226 201.421 715.712 917.525 486.19 
621.76 -481.996 -765.221 160.532 695.61 243.082 -323.505 -776.692 719.1 -7.69348 -667.986 -326.619 509.386 -788.215 -457.04 446.844 335.621 571.897 165.341 
Итоговые вектора:
7298.06 7301.92 7305.85 7309.76 7313.66 7317.59 7321.44 7325.46 7329.24 7333.2 7339.44 7345.91 7351.69 7355.86 7357.61 7361.58 7367.37 7371.32 7373.32 7377.2 
-122.407 13.9467 -641.43 -547.927 949.813 -398.802 -14.2792 665.325 241.888 -961.989 142.912 791.512 -292.551 -707.501 825.713 251.96 -26.4089 635.145 -811.515 106.221 
848.999 -495.706 454.118 341.34 -215.93 460.187 645.044 -81.0715 692.304 89.639 605.77 -876.337 -633.661 901.682 -481.358 -221.197 -969.93 577.012 83.5186 945.656 
-502.838 -15.9406 -141.25 782.813 420.033 572.105 560.263 734.879 -609.354 213.482 -452.124 -380.172 716.508 305.156 -689.879 -430.145 -393.923 951.575 -733.29 758.177 
745.973 826.371 418.836 -29.7172 -583.357 -375.806 -323.957 -287.411 557.745 -318.885 -455.474 87.9349 -351.351 -903.378 -939.144 -639.945 445.661 -835.884 759.225 -849.551 
383.543 -15.0715 451.599 447.906 -600.095 -134.555 806.011 191.493 -975.953 332.233 -702.348 -432.27 -836.198 256.059 109.961 -240.388 926.222 1.01282 229.718 663.271 
461.102 -865.479 165.589 129.179 17.8369 -825.634 -733.032 -249.503 -842.669 456.166 542.962 233.45 -811.336 168.022 -267.24 431.247 -763.163 -75.4589 -853.806 821.937 
-25.7401 697.213 -549.573 477.673 -860.87 356.168 583.316 884.557 14.5884 -44.5291 32.7701 713.738 -812.937 -114.612 -662.349 894.953 -98.0439 -330.698 383.282 -247.914 
301.435 942.151 -66.6921 -577.008 201.731 197.031 -732.967 -564.043 894.065 -966.836 -668.407 -320.241 -484.416 -114.026 870.897 -723.123 -994.096 448.916 -772.434 -351.531 
Итоговые вектора:
7587.18 7591.18 7595.16 7599 7611.58 7615.62 7619.52 7625.39 7629.05 7632.97 7637.11 7641.01 7644.91 7648.83 7652.73 7656.63 7660.55 7664.4 
-783.35 -270.813 -167.977 -468.476 291.508 -217.507 955.864 358.574 -191.336 -930.334 914.579 -850.045 767.904 -714.811 952.26 655.922 740.349 -503.614 
523.695 -180.776 593.537 406.401 -652.487 176.608 -701.245 -663.447 -815.51 -993.339 -696.677 -636.341 453.473 -65.53 845.385 -132.748 -228.96 823.309 
63.3461 782.735 -929.784 903.461 433.424 724.47 669.209 71.9004 -442.14 616.918 -246.451 129.185 -192.251 -228.617 -676.319 242.423 -586.698 -422.925 
-665.985 -413.301 864.687 -592.381 -566.557 -321.56 -679.462 -291.015 455.851 841.502 382.7 229.906 -810.994 420.597 67.7473 40.0505 150.624 -944.353 
-27.0407 494.202 314.877 -794.969 -743.217 425.741 691.686 -279.659 -740.116 299.904 62.6991 622.225 -338.106 -923.989 -343.981 497.672 -468.068 861.622 
785.512 547.431 -109.812 -700.506 189.357 -732.273 -52.3132 298.381 849.743 -133.023 47.2665 -673.471 -208.219 -386.948 30.3175 185.752 -488.3 -521.501 
-892.021 -248.166 235.889 650.281 244.721 975.797 -714.932 -644.339 809.682 343.164 833.949 -100.012 877.893 -150.446 714.761 249.155 775.564 -572.092 
11.7357 -112.794 77.9022 573.825 -207.043 54.493 -669.293 -610.612 89.0182 -717.353 782.576 823.665 731.032 804.451 -550.537 -669.313 228.935 -296.147 
Итоговые вектора:
7878.71 7884 7886.04 7889.87 7893.92 7900.72 7902.83 7906.4 7910.38 7916.13 7920.7 7923.14 7924.9 7930.89 7934.86 7938.96 7942.7 7946.53 7950.46 7954.84 
368.779 -41.4412 56.293 -523.703 -721.319 605.983 238.282 391.821 258.723 539.357 -25.6475 538.556 -412.403 116.584 -459.033 677.189 526.057 58.0739 -356.739 453.709 
-507.644 -819.359 -805.184 -652.533 -810.351 -354.651 -975.476 -34.7197 67.2966 873.306 -738.97 276.376 540.083 -653.518 -34.8383 -85.9841 -602.733 706.333 -821.442 657.773 
-581.986 -944.681 -271.801 279.433 442.115 -102.548 -624.825 -708.302 234.961 -486.589 -90.3816 -907.62 -377.716 -726.967 909.618 -249.543 27.6584 -183.45 322.441 479.03 
906.552 527.174 570.808 303.879 892.987 -50.3192 -4.97076 117.385 579.727 -981.878 -99.4545 706.541 -291.124 992.804 -869.329 -471.444 993.968 930.027 830.131 -47.8565 
145.152 327.391 957.583 642.312 -864.255 -565.25 -170.495 265.37 590.723 -882.367 -815.946 -693.399 598.943 27.6659 -64.5919 -49.5057 708.207 46.9161 -422.743 843.763 
120.876 266.754 510.413 -367.166 -947.04 680.135 -778.335 802.33 -916.258 -72.2971 655.121 51.3649 293.143 433.937 815.478 -172.837 -319.073 -273.995 774.724 179.724 
231.412 -14.2761 -910.724 39.4325 151.631 -104.079 -50.0944 977.201 -38.462 -18.0139 -315.462 -856.23 233.721 729.507 314.596 258.364 821.579 -132.861 394.177 -425.205 
-962.011 596.501 499.928 551.974 366.393 -81.2054 -168.489 -28.4993 629.031 -251.713 935.655 -398.623 -831.539 599.198 890.613 446.164 -559.967 562.761 616.754 614.803 
Итоговые вектора:
8139.62 8145.56 8149.51 8153.82 8157.52 8161.38 8166.62 8170.36 8174.14 8178.02 8182.05 8185.81 8190.66 8195.66 8197.83 8203.52 8207.21 8209.34 8213.16 8217.02 
-486.522 -59.4505 -784.763 -465.283 638.483 -168.952 163.914 -826.595 -656.688 -810.405 -487.642 -72.9577 -898.106 374.851 -75.6673 481.408 846.472 613.995 -918.731 483.328 
933.55 278.767 -344.595 -769.102 197.834 264.172 106.761 971.321 -535.4 -465.064 948.034 119.181 64.6064 468.688 -797.022 -130.51 -673.415 -593.734 -410.399 -402.837 
286.872 -599.888 -659.579 704.79 249.846 -877.903 -601.752 261.973 6.43933 143.113 -497.053 -49.2726 -788.987 -219.686 -703.958 -189.088 -327.162 -567.34 531.191 745.664 
716.487 -67.2728 811.808 -353.589 165.068 -353.831 -343.854 -240.817 887.841 -946.751 128.329 -980.8 -267.105 770.813 -25.4588 -904.633 -927.892 -481.74 684.05 28.1838 
-530.473 126.932 842.534 84.444 -731.165 -177.72 -309.133 -663.926 426.861 -494.389 30.4393 632.734 -615.572 292.983 -685.548 681.456 -364.422 -788.694 901.481 0.435364 
-649.581 -402.891 627.847 639.96 -7.85394 -10.9784 427.296 -877.164 -642.232 -39.6262 125.559 -418.495 626.126 -521.714 404.112 171.603 938.705 -859.142 -257.104 -855.523 
-43.6885 -5.12616 196.896 385.435 -580.821 -389.41 -972.22 257.859 -746.515 -477.968 -912.371 305.682 736.29 573.332 723.049 -798.644 -415.072 995.751 547.622 -324.196 
-914.272 -703.984 -483.843 747.684 -505.709 492.821 -674.857 651.668 732.943 50.4067 880.405 -107.32 967.754 -846.528 170.09 463.05 497.876 -984.009 313.521 -104.652 
Итоговые вектора:
8402.4 8406.38 8410.31 8416.22 8418.29 8423.87 8427.8 8431.68 8433.7 8439.69 8443.6 8447.25 8451.22 8455.1 8458.96 8462.87 8466.86 8470.86 8474.59 8478.64 
-306.88 915.085 398.663 -905.946 630.994 913.736 125.346 -531.118 100.358 -528.721 -979.611 -942.036 645.959 -594.493 -593.938 -838.942 671.914 -938.218 827.679 -388.532 
942.88 -111.187 508.356 -205.378 -167.322 -171.529 -223.33 -37.1694 260.581 -68.1222 766.504 -528.614 399.512 -748.752 639.039 501.7 -25.8195 -769.957 614.355 -14.3492 
906.924 -139.133 677.79 430.481 -161.371 -116.051 -174.558 -783.755 -361.396 -472.934 -336.939 -947.741 -725.715 638.29 -366.196 668.102 654.702 446.758 -638.093 -138.61 
774.536 -91.8602 -868.811 -615.646 -470.737 -303.023 735.843 508.551 -494.534 420.654 -45.3558 -500.574 -636.714 661.822 -255.766 352.086 -253.314 -558.551 565.418 618.793 
-945.73 621.599 -938.935 741.001 671.832 247.362 -768.286 -857.216 -57.4654 -358.136 -989.975 823.953 905.744 -495.876 271.818 768.397 -659.855 -638.243 673.327 -998.256 
352.627 -746.324 -971.992 -317.879 75.8627 -422.912 -310.478 190.036 -941.95 670.038 -554.257 -240.789 960.451 -851.988 -782.941 103.055 -472.996 146.711 -528.071 -211.053 
-228.407 697.266 -701.04 -337.735 -251.733 -344.895 -497.438 -503.484 -763.481 -934.926 803.824 660.136 -677.548 356.719 984.279 -183.234 -235.696 -599.177 -413.451 154.806 
-138.704 -677.673 264.482 751.233 -525.935 104.576 -62.744 -154.639 -248.365 -208.468 -187.04 559.231 -536.192 -160.84 371.96 519.597 782.799 482.878 -170.1 -411.347 
Итоговые вектора:
8661.23 8665.07 8667.13 8673.06 8676.96 8680.98 8684.76 8688.87 8692.88 8699.5 8703.47 8707.32 8712.24 8716.22 8720.04 8724.02 8729.93 8733.74 8737.74 
914.121 -577.565 528.391 361.634 -60.0208 384.265 166.251 65.3458 -270.127 172.161 741.52 -487.763 75.1249 -944.821 841.11 -624.945 827.833 -374.792 -444.382 
-574.34 -815.122 -812.46 -691.116 -220.442 649.241 361.675 479.003 939.69 -539.045 -407.049 -706.527 159.557 778.127 974.151 418.402 -481.145 104.496 -658.28 
84.598 743.116 557.545 -63.7387 151.516 -544.548 -210.033 736.476 -3.11151 -617.702 -438.644 -142.84 -251.757 848.687 431.041 127.669 901.737 -791.57 803.119 
-368.117 970.591 -607.005 530.464 -185.656 -675.196 482.673 990.072 12.4823 -511.329 -614.51 846.172 -597.041 701.032 -344.646 -375.93 970.849 -444.012 -311.504 
989.097 -758.204 -932.633 499.508 866.288 -188.434 208.796 -481.316 -838.348 648.239 -154.787 -84.0715 460.846 631.487 -718.861 373.439 -892.193 -417.012 -238.639 
-431.401 -424.364 -972.232 -34.5758 -985.805 264.514 -361.513 -485.193 611.755 -301.544 699.117 -816.471 -192.971 286.778 650.415 64.0959 116.066 156.276 -420.205 
-50.9856 -444.6 -380.341 68.0812 567.494 775.209 467.577 -715.42 282.568 728.968 -418.103 100.191 585.296 377.318 -500.419 -104.786 -656.361 601.112 47.1687 
623.574 340.783 931.947 769.437 816.818 963.343 651.071 -506.085 974.895 29.4624 -24.5272 792.499 -33.7687 30.2689 204.834 705.063 385.06 -353.126 526.208 
